0 info it worked if it ends with ok
1 verbose cli [ 'C:\\Users\\ACL\\Downloads\\sw\\PortableApps\\NodeJSPortable\\App\\NodeJS\\node.exe',
1 verbose cli   'C:\\Users\\ACL\\Downloads\\sw\\PortableApps\\NodeJSPortable\\Data\\node_modules\\npm\\bin\\npm-cli.js',
1 verbose cli   'start' ]
2 info using npm@3.5.3
3 info using node@v5.7.0
4 verbose run-script [ 'prestart', 'start', 'poststart' ]
5 info lifecycle iso@1.0.0~prestart: iso@1.0.0
6 silly lifecycle iso@1.0.0~prestart: no script for prestart, continuing
7 info lifecycle iso@1.0.0~start: iso@1.0.0
8 verbose lifecycle iso@1.0.0~start: unsafe-perm in lifecycle true
9 verbose lifecycle iso@1.0.0~start: PATH: C:\Users\ACL\Downloads\sw\PortableApps\NodeJSPortable\Data\node_modules\npm\bin\node-gyp-bin;C:\Users\ACL\Downloads\dev\iso\node_modules\.bin;C:\Users\ACL\Downloads\sw\PortableApps\NodeJSPortable\App\NodeJS;C:\Users\ACL\Downloads\sw\PortableApps\NodeJSPortable\Data;C:\Windows\system32;C:\Windows;C:\Windows\System32\Wbem;C:\Windows\System32\WindowsPowerShell\v1.0\;C:\Windows\System32\OpenSSH\;C:\Users\ACL\AppData\Local\Microsoft\WindowsApps;
10 verbose lifecycle iso@1.0.0~start: CWD: C:\Users\ACL\Downloads\dev\iso
11 silly lifecycle iso@1.0.0~start: Args: [ '/d /s /c', 'node server.js' ]
12 silly lifecycle iso@1.0.0~start: Returned: code: 1  signal: null
13 info lifecycle iso@1.0.0~start: Failed to exec start script
14 verbose stack Error: iso@1.0.0 start: `node server.js`
14 verbose stack Exit status 1
14 verbose stack     at EventEmitter.<anonymous> (C:\Users\ACL\Downloads\sw\PortableApps\NodeJSPortable\Data\node_modules\npm\lib\utils\lifecycle.js:232:16)
14 verbose stack     at emitTwo (events.js:100:13)
14 verbose stack     at EventEmitter.emit (events.js:185:7)
14 verbose stack     at ChildProcess.<anonymous> (C:\Users\ACL\Downloads\sw\PortableApps\NodeJSPortable\Data\node_modules\npm\lib\utils\spawn.js:24:14)
14 verbose stack     at emitTwo (events.js:100:13)
14 verbose stack     at ChildProcess.emit (events.js:185:7)
14 verbose stack     at maybeClose (internal/child_process.js:827:16)
14 verbose stack     at Process.ChildProcess._handle.onexit (internal/child_process.js:211:5)
15 verbose pkgid iso@1.0.0
16 verbose cwd C:\Users\ACL\Downloads\dev\iso
17 error Windows_NT 10.0.17134
18 error argv "C:\\Users\\ACL\\Downloads\\sw\\PortableApps\\NodeJSPortable\\App\\NodeJS\\node.exe" "C:\\Users\\ACL\\Downloads\\sw\\PortableApps\\NodeJSPortable\\Data\\node_modules\\npm\\bin\\npm-cli.js" "start"
19 error node v5.7.0
20 error npm  v3.5.3
21 error code ELIFECYCLE
22 error iso@1.0.0 start: `node server.js`
22 error Exit status 1
23 error Failed at the iso@1.0.0 start script 'node server.js'.
23 error Make sure you have the latest version of node.js and npm installed.
23 error If you do, this is most likely a problem with the iso package,
23 error not with npm itself.
23 error Tell the author that this fails on your system:
23 error     node server.js
23 error You can get information on how to open an issue for this project with:
23 error     npm bugs iso
23 error Or if that isn't available, you can get their info via:
23 error     npm owner ls iso
23 error There is likely additional logging output above.
24 verbose exit [ 1, true ]
